mode: set
github.com/vano44/village/internal/economy/agriculture.go:23.60,31.2 1 1
github.com/vano44/village/internal/economy/agriculture.go:35.93,37.22 1 1
github.com/vano44/village/internal/economy/agriculture.go:37.22,40.3 1 1
github.com/vano44/village/internal/economy/agriculture.go:42.2,47.21 5 0
github.com/vano44/village/internal/economy/agriculture.go:47.21,49.3 1 0
github.com/vano44/village/internal/economy/agriculture.go:51.2,52.23 2 0
github.com/vano44/village/internal/economy/agriculture.go:52.23,54.3 1 0
github.com/vano44/village/internal/economy/agriculture.go:55.2,59.29 3 0
github.com/vano44/village/internal/economy/agriculture.go:59.29,61.3 1 0
github.com/vano44/village/internal/economy/agriculture.go:61.8,61.36 1 0
github.com/vano44/village/internal/economy/agriculture.go:61.36,63.3 1 0
github.com/vano44/village/internal/economy/agriculture.go:63.8,65.3 1 0
github.com/vano44/village/internal/economy/agriculture.go:66.2,66.28 1 0
github.com/vano44/village/internal/economy/agriculture.go:71.34,72.36 1 0
github.com/vano44/village/internal/economy/agriculture.go:72.36,74.3 1 0
github.com/vano44/village/internal/economy/agriculture.go:75.2,78.38 3 0
github.com/vano44/village/internal/economy/agriculture.go:83.30,85.22 2 1
github.com/vano44/village/internal/economy/agriculture.go:85.22,87.3 1 1
github.com/vano44/village/internal/economy/agriculture.go:89.2,90.44 2 1
github.com/vano44/village/internal/economy/agriculture.go:90.44,92.3 1 1
github.com/vano44/village/internal/economy/agriculture.go:93.2,93.14 1 1
github.com/vano44/village/internal/economy/agriculture.go:98.32,100.22 2 1
github.com/vano44/village/internal/economy/agriculture.go:100.22,102.3 1 1
github.com/vano44/village/internal/economy/agriculture.go:104.2,105.45 2 1
github.com/vano44/village/internal/economy/agriculture.go:105.45,107.3 1 1
github.com/vano44/village/internal/economy/agriculture.go:108.2,108.14 1 1
github.com/vano44/village/internal/economy/calculator.go:27.76,29.21 2 1
github.com/vano44/village/internal/economy/calculator.go:29.21,31.3 1 0
github.com/vano44/village/internal/economy/calculator.go:32.2,32.18 1 1
github.com/vano44/village/internal/economy/calculator.go:36.88,43.2 4 1
github.com/vano44/village/internal/economy/calculator.go:46.186,49.29 3 1
github.com/vano44/village/internal/economy/calculator.go:49.29,55.17 5 1
github.com/vano44/village/internal/economy/calculator.go:55.17,57.4 1 0
github.com/vano44/village/internal/economy/calculator.go:59.3,60.35 2 1
github.com/vano44/village/internal/economy/calculator.go:62.2,62.21 1 1
github.com/vano44/village/internal/economy/calculator.go:62.21,64.3 1 0
github.com/vano44/village/internal/economy/calculator.go:65.2,69.24 5 1
github.com/vano44/village/internal/economy/calculator.go:69.24,71.3 1 0
github.com/vano44/village/internal/economy/calculator.go:72.2,72.37 1 1
github.com/vano44/village/internal/economy/calculator.go:77.66,79.19 2 1
github.com/vano44/village/internal/economy/calculator.go:79.19,81.3 1 0
github.com/vano44/village/internal/economy/calculator.go:84.2,91.36 4 1
github.com/vano44/village/internal/economy/calculator.go:91.36,93.10 2 1
github.com/vano44/village/internal/economy/calculator.go:93.10,95.9 2 0
github.com/vano44/village/internal/economy/calculator.go:97.3,97.36 1 1
github.com/vano44/village/internal/economy/calculator.go:97.36,99.9 2 1
github.com/vano44/village/internal/economy/calculator.go:101.3,102.47 2 1
github.com/vano44/village/internal/economy/calculator.go:102.47,104.4 1 1
github.com/vano44/village/internal/economy/calculator.go:107.2,109.21 3 1
github.com/vano44/village/internal/economy/calculator.go:109.21,112.37 2 1
github.com/vano44/village/internal/economy/calculator.go:112.37,114.11 2 1
github.com/vano44/village/internal/economy/calculator.go:114.11,116.10 2 0
github.com/vano44/village/internal/economy/calculator.go:118.4,119.24 2 1
github.com/vano44/village/internal/economy/calculator.go:119.24,121.5 1 1
github.com/vano44/village/internal/economy/calculator.go:123.3,123.22 1 1
github.com/vano44/village/internal/economy/calculator.go:123.22,125.4 1 1
github.com/vano44/village/internal/economy/calculator.go:126.3,127.17 2 1
github.com/vano44/village/internal/economy/calculator.go:128.8,131.3 2 1
github.com/vano44/village/internal/economy/calculator.go:134.2,135.36 2 1
github.com/vano44/village/internal/economy/calculator.go:135.36,136.22 1 1
github.com/vano44/village/internal/economy/calculator.go:136.22,138.4 1 1
github.com/vano44/village/internal/economy/calculator.go:138.9,140.4 1 1
github.com/vano44/village/internal/economy/calculator.go:144.2,148.37 3 1
github.com/vano44/village/internal/economy/calculator.go:148.37,151.22 3 1
github.com/vano44/village/internal/economy/calculator.go:151.22,153.4 1 1
github.com/vano44/village/internal/economy/calculator.go:153.9,155.4 1 1
github.com/vano44/village/internal/economy/calculator.go:156.3,163.5 1 1
github.com/vano44/village/internal/economy/calculator.go:166.2,173.3 1 1
github.com/vano44/village/internal/economy/constants.go:4.60,5.12 1 1
github.com/vano44/village/internal/economy/constants.go:6.101,7.21 1 1
github.com/vano44/village/internal/economy/constants.go:8.81,9.27 1 1
github.com/vano44/village/internal/economy/constants.go:10.75,11.26 1 1
github.com/vano44/village/internal/economy/constants.go:12.10,13.21 1 1
github.com/vano44/village/internal/economy/constants.go:20.44,21.12 1 1
github.com/vano44/village/internal/economy/constants.go:22.36,23.14 1 1
github.com/vano44/village/internal/economy/constants.go:24.26,25.14 1 1
github.com/vano44/village/internal/economy/constants.go:26.21,27.15 1 1
github.com/vano44/village/internal/economy/constants.go:28.10,29.13 1 1
github.com/vano44/village/internal/economy/constants.go:34.41,35.12 1 1
github.com/vano44/village/internal/economy/constants.go:37.21,38.13 1 1
github.com/vano44/village/internal/economy/constants.go:39.26,40.13 1 1
github.com/vano44/village/internal/economy/constants.go:41.20,42.13 1 1
github.com/vano44/village/internal/economy/constants.go:43.21,44.13 1 1
github.com/vano44/village/internal/economy/constants.go:45.23,46.13 1 1
github.com/vano44/village/internal/economy/constants.go:47.20,48.13 1 1
github.com/vano44/village/internal/economy/constants.go:50.21,51.13 1 1
github.com/vano44/village/internal/economy/constants.go:52.21,53.13 1 1
github.com/vano44/village/internal/economy/constants.go:54.22,55.13 1 1
github.com/vano44/village/internal/economy/constants.go:56.20,57.13 1 1
github.com/vano44/village/internal/economy/constants.go:58.21,59.13 1 1
github.com/vano44/village/internal/economy/constants.go:61.21,62.14 1 1
github.com/vano44/village/internal/economy/constants.go:63.25,64.14 1 1
github.com/vano44/village/internal/economy/constants.go:65.23,66.14 1 1
github.com/vano44/village/internal/economy/constants.go:67.24,68.14 1 1
github.com/vano44/village/internal/economy/constants.go:69.10,70.13 1 1
github.com/vano44/village/internal/economy/craftsmanship.go:13.66,15.15 1 1
github.com/vano44/village/internal/economy/craftsmanship.go:15.15,17.3 1 0
github.com/vano44/village/internal/economy/craftsmanship.go:18.2,18.15 1 1
github.com/vano44/village/internal/economy/craftsmanship.go:18.15,20.3 1 0
github.com/vano44/village/internal/economy/craftsmanship.go:22.2,22.18 1 1
github.com/vano44/village/internal/economy/craftsmanship.go:22.18,24.19 1 1
github.com/vano44/village/internal/economy/craftsmanship.go:24.19,26.4 1 1
github.com/vano44/village/internal/economy/craftsmanship.go:27.3,27.23 1 1
github.com/vano44/village/internal/economy/craftsmanship.go:28.8,28.24 1 1
github.com/vano44/village/internal/economy/craftsmanship.go:28.24,30.19 1 1
github.com/vano44/village/internal/economy/craftsmanship.go:30.19,32.4 1 1
github.com/vano44/village/internal/economy/craftsmanship.go:33.3,33.26 1 1
github.com/vano44/village/internal/economy/craftsmanship.go:34.8,37.3 1 1
github.com/vano44/village/internal/economy/exhaustion.go:12.40,13.29 1 1
github.com/vano44/village/internal/economy/exhaustion.go:13.29,15.3 1 0
github.com/vano44/village/internal/economy/exhaustion.go:16.2,16.26 1 1
github.com/vano44/village/internal/economy/exhaustion.go:21.40,22.21 1 1
github.com/vano44/village/internal/economy/exhaustion.go:22.21,24.3 1 0
github.com/vano44/village/internal/economy/exhaustion.go:25.2,26.27 2 1
github.com/vano44/village/internal/economy/exhaustion.go:37.40,39.20 2 1
github.com/vano44/village/internal/economy/exhaustion.go:39.20,41.3 1 1
github.com/vano44/village/internal/economy/exhaustion.go:46.41,48.20 2 1
github.com/vano44/village/internal/economy/exhaustion.go:48.20,50.3 1 1
github.com/vano44/village/internal/economy/inventory.go:28.32,32.2 1 1
github.com/vano44/village/internal/economy/inventory.go:35.67,40.2 1 1
github.com/vano44/village/internal/economy/inventory.go:43.60,45.2 1 0
github.com/vano44/village/internal/economy/inventory.go:48.70,50.40 2 1
github.com/vano44/village/internal/economy/inventory.go:50.40,52.38 2 1
github.com/vano44/village/internal/economy/inventory.go:52.38,53.27 1 1
github.com/vano44/village/internal/economy/inventory.go:53.27,54.21 1 1
github.com/vano44/village/internal/economy/inventory.go:54.21,56.6 1 1
github.com/vano44/village/internal/economy/inventory.go:59.3,59.24 1 1
github.com/vano44/village/internal/economy/inventory.go:59.24,66.4 1 1
github.com/vano44/village/internal/economy/inventory.go:68.2,68.15 1 1
github.com/vano44/village/internal/economy/inventory.go:73.70,74.24 1 1
github.com/vano44/village/internal/economy/inventory.go:74.24,76.56 1 1
github.com/vano44/village/internal/economy/inventory.go:76.56,78.4 1 1
github.com/vano44/village/internal/economy/inventory.go:80.3,81.29 2 1
github.com/vano44/village/internal/economy/inventory.go:81.29,83.4 1 1
github.com/vano44/village/internal/economy/inventory.go:85.2,86.12 2 1
github.com/vano44/village/internal/economy/inventory.go:90.78,92.9 2 1
github.com/vano44/village/internal/economy/inventory.go:92.9,94.3 1 1
github.com/vano44/village/internal/economy/inventory.go:95.2,96.25 2 1
github.com/vano44/village/internal/economy/inventory.go:96.25,97.19 1 1
github.com/vano44/village/internal/economy/inventory.go:97.19,99.4 1 1
github.com/vano44/village/internal/economy/inventory.go:101.2,101.14 1 1
github.com/vano44/village/internal/economy/inventory.go:106.107,108.26 2 1
github.com/vano44/village/internal/economy/inventory.go:108.26,110.3 1 1
github.com/vano44/village/internal/economy/inventory.go:111.2,112.9 2 1
github.com/vano44/village/internal/economy/inventory.go:112.9,114.3 1 0
github.com/vano44/village/internal/economy/inventory.go:115.2,117.25 3 1
github.com/vano44/village/internal/economy/inventory.go:117.25,118.36 1 1
github.com/vano44/village/internal/economy/inventory.go:118.36,119.31 1 1
github.com/vano44/village/internal/economy/inventory.go:119.31,122.13 2 0
github.com/vano44/village/internal/economy/inventory.go:123.10,128.5 3 1
github.com/vano44/village/internal/economy/inventory.go:129.9,131.4 1 0
github.com/vano44/village/internal/economy/inventory.go:133.2,134.34 2 1
github.com/vano44/village/internal/economy/inventory.go:138.109,141.16 2 1
github.com/vano44/village/internal/economy/inventory.go:141.16,143.3 1 0
github.com/vano44/village/internal/economy/inventory.go:144.2,144.20 1 1
github.com/vano44/village/internal/economy/inventory.go:144.20,146.3 1 0
github.com/vano44/village/internal/economy/inventory.go:148.2,149.21 2 1
github.com/vano44/village/internal/economy/inventory.go:153.112,154.31 1 1
github.com/vano44/village/internal/economy/inventory.go:154.31,157.61 3 1
github.com/vano44/village/internal/economy/inventory.go:157.61,159.4 1 0
github.com/vano44/village/internal/economy/inventory.go:161.2,161.12 1 1
github.com/vano44/village/internal/economy/inventory.go:165.71,167.37 2 1
github.com/vano44/village/internal/economy/inventory.go:167.37,168.26 1 1
github.com/vano44/village/internal/economy/inventory.go:168.26,170.4 1 1
github.com/vano44/village/internal/economy/inventory.go:172.2,172.12 1 1
github.com/vano44/village/internal/economy/production_chains.go:14.65,18.25 3 1
github.com/vano44/village/internal/economy/production_chains.go:18.25,20.33 2 1
github.com/vano44/village/internal/economy/production_chains.go:20.33,22.4 1 1
github.com/vano44/village/internal/economy/production_chains.go:26.2,31.43 4 1
github.com/vano44/village/internal/economy/production_chains.go:31.43,32.20 1 1
github.com/vano44/village/internal/economy/production_chains.go:32.20,33.12 1 0
github.com/vano44/village/internal/economy/production_chains.go:35.3,36.23 2 1
github.com/vano44/village/internal/economy/production_chains.go:40.2,40.21 1 1
github.com/vano44/village/internal/economy/production_chains.go:40.21,54.32 5 1
github.com/vano44/village/internal/economy/production_chains.go:54.32,55.56 1 1
github.com/vano44/village/internal/economy/production_chains.go:55.56,56.31 1 1
github.com/vano44/village/internal/economy/production_chains.go:56.31,57.14 1 0
github.com/vano44/village/internal/economy/production_chains.go:59.5,60.34 2 1
github.com/vano44/village/internal/economy/production_chains.go:68.2,69.28 2 1
github.com/vano44/village/internal/economy/production_chains.go:69.28,70.32 1 1
github.com/vano44/village/internal/economy/production_chains.go:70.32,71.56 1 1
github.com/vano44/village/internal/economy/production_chains.go:71.56,73.5 1 1
github.com/vano44/village/internal/economy/production_chains.go:78.2,80.29 3 1
github.com/vano44/village/internal/economy/production_chains.go:80.29,81.35 1 1
github.com/vano44/village/internal/economy/production_chains.go:81.35,83.4 1 1
github.com/vano44/village/internal/economy/production_chains.go:84.3,85.39 2 1
github.com/vano44/village/internal/economy/production_chains.go:85.39,87.20 2 1
github.com/vano44/village/internal/economy/production_chains.go:87.20,89.5 1 1
github.com/vano44/village/internal/economy/production_chains.go:91.3,92.22 2 1
github.com/vano44/village/internal/economy/production_chains.go:96.2,96.23 1 1
github.com/vano44/village/internal/economy/production_chains.go:96.23,98.3 1 1
github.com/vano44/village/internal/economy/production_chains.go:102.2,102.34 1 1
github.com/vano44/village/internal/economy/production_chains.go:102.34,103.39 1 1
github.com/vano44/village/internal/economy/production_chains.go:103.39,104.39 1 1
github.com/vano44/village/internal/economy/production_chains.go:104.39,106.5 1 0
github.com/vano44/village/internal/economy/production_chains.go:110.2,110.14 1 1
github.com/vano44/village/internal/economy/production_chains.go:115.70,117.29 2 1
github.com/vano44/village/internal/economy/production_chains.go:117.29,118.35 1 1
github.com/vano44/village/internal/economy/production_chains.go:118.35,120.4 1 1
github.com/vano44/village/internal/economy/production_chains.go:122.2,123.34 2 1
github.com/vano44/village/internal/economy/production_chains.go:123.34,124.18 1 1
github.com/vano44/village/internal/economy/production_chains.go:124.18,126.4 1 0
github.com/vano44/village/internal/economy/production_chains.go:128.2,128.20 1 1
github.com/vano44/village/internal/economy/quality.go:4.38,5.11 1 1
github.com/vano44/village/internal/economy/quality.go:6.19,7.16 1 1
github.com/vano44/village/internal/economy/quality.go:8.21,9.18 1 1
github.com/vano44/village/internal/economy/quality.go:10.19,11.16 1 1
github.com/vano44/village/internal/economy/quality.go:12.24,13.21 1 1
github.com/vano44/village/internal/economy/quality.go:14.25,15.22 1 1
github.com/vano44/village/internal/economy/quality.go:16.10,17.19 1 0
github.com/vano44/village/internal/economy/quality.go:23.50,24.11 1 1
github.com/vano44/village/internal/economy/quality.go:25.19,26.13 1 1
github.com/vano44/village/internal/economy/quality.go:27.21,28.13 1 1
github.com/vano44/village/internal/economy/quality.go:29.19,30.13 1 1
github.com/vano44/village/internal/economy/quality.go:31.24,32.13 1 1
github.com/vano44/village/internal/economy/quality.go:33.25,34.13 1 1
github.com/vano44/village/internal/economy/quality.go:35.10,36.13 1 0
github.com/vano44/village/internal/economy/quality.go:43.55,44.11 1 1
github.com/vano44/village/internal/economy/quality.go:45.19,46.13 1 1
github.com/vano44/village/internal/economy/quality.go:47.21,48.13 1 1
github.com/vano44/village/internal/economy/quality.go:49.19,50.13 1 1
github.com/vano44/village/internal/economy/quality.go:51.24,52.13 1 1
github.com/vano44/village/internal/economy/quality.go:53.25,54.13 1 1
github.com/vano44/village/internal/economy/quality.go:55.10,56.13 1 0
github.com/vano44/village/internal/economy/quality.go:63.58,64.11 1 1
github.com/vano44/village/internal/economy/quality.go:65.19,66.13 1 1
github.com/vano44/village/internal/economy/quality.go:67.21,68.13 1 1
github.com/vano44/village/internal/economy/quality.go:69.19,70.13 1 1
github.com/vano44/village/internal/economy/quality.go:71.24,72.13 1 1
github.com/vano44/village/internal/economy/quality.go:73.25,74.13 1 1
github.com/vano44/village/internal/economy/quality.go:75.10,76.13 1 0
github.com/vano44/village/internal/economy/quality.go:82.52,83.12 1 1
github.com/vano44/village/internal/economy/quality.go:84.20,85.13 1 1
github.com/vano44/village/internal/economy/quality.go:86.20,87.13 1 1
github.com/vano44/village/internal/economy/quality.go:88.10,89.13 1 1
github.com/vano44/village/internal/economy/recipes.go:31.28,189.2 1 1
github.com/vano44/village/internal/economy/recipes.go:192.40,193.33 1 1
github.com/vano44/village/internal/economy/recipes.go:193.33,194.17 1 1
github.com/vano44/village/internal/economy/recipes.go:194.17,196.4 1 1
github.com/vano44/village/internal/economy/recipes.go:198.2,198.12 1 1
github.com/vano44/village/internal/economy/resources.go:9.40,10.12 1 1
github.com/vano44/village/internal/economy/resources.go:14.56,15.14 1 1
github.com/vano44/village/internal/economy/resources.go:16.10,17.15 1 1
github.com/vano44/village/internal/economy/resources.go:22.41,24.2 1 1
github.com/vano44/village/internal/economy/resources.go:27.52,29.2 1 1
github.com/vano44/village/internal/economy/resources.go:33.62,43.2 1 1
github.com/vano44/village/internal/economy/resources.go:46.35,47.26 1 1
github.com/vano44/village/internal/economy/resources.go:47.26,49.3 1 1
github.com/vano44/village/internal/economy/resources.go:50.2,50.20 1 1
github.com/vano44/village/internal/economy/resources.go:50.20,52.3 1 1
github.com/vano44/village/internal/economy/resources.go:53.2,53.13 1 1
github.com/vano44/village/internal/economy/resources.go:58.42,60.19 2 1
github.com/vano44/village/internal/economy/resources.go:61.19,62.19 1 1
github.com/vano44/village/internal/economy/resources.go:63.21,64.19 1 1
github.com/vano44/village/internal/economy/resources.go:65.19,66.19 1 1
github.com/vano44/village/internal/economy/resources.go:67.24,68.19 1 1
github.com/vano44/village/internal/economy/resources.go:69.25,70.19 1 1
github.com/vano44/village/internal/economy/resources.go:72.2,72.42 1 1
github.com/vano44/village/internal/economy/resources.go:76.44,78.2 1 1
github.com/vano44/village/internal/economy/resources.go:82.44,85.17 3 1
github.com/vano44/village/internal/economy/resources.go:85.17,87.3 1 0
github.com/vano44/village/internal/economy/resources.go:88.2,88.17 1 1
github.com/vano44/village/internal/economy/resources.go:88.17,90.3 1 1
github.com/vano44/village/internal/economy/resources.go:91.2,91.29 1 1
github.com/vano44/village/internal/economy/resources.go:97.62,103.2 1 1
github.com/vano44/village/internal/economy/resources.go:107.62,109.22 2 1
github.com/vano44/village/internal/economy/resources.go:109.22,112.3 1 1
github.com/vano44/village/internal/economy/resources.go:113.2,120.3 1 1
github.com/vano44/village/internal/economy/scarcity.go:11.59,12.17 1 1
github.com/vano44/village/internal/economy/scarcity.go:12.17,14.3 1 0
github.com/vano44/village/internal/economy/scarcity.go:15.2,15.18 1 1
github.com/vano44/village/internal/economy/scarcity.go:16.24,20.4 1 1
github.com/vano44/village/internal/economy/scarcity.go:21.23,24.4 1 0
github.com/vano44/village/internal/economy/scarcity.go:25.10,26.13 1 0
github.com/vano44/village/internal/economy/scarcity.go:34.61,38.2 1 1
github.com/vano44/village/internal/economy/scarcity.go:43.56,44.22 1 1
github.com/vano44/village/internal/economy/scarcity.go:45.19,52.4 3 1
github.com/vano44/village/internal/economy/scarcity.go:53.22,59.4 3 1
github.com/vano44/village/internal/economy/scarcity.go:60.10,61.13 1 1
github.com/vano44/village/internal/economy/scarcity.go:67.61,69.2 1 1
github.com/vano44/village/internal/economy/seasons.go:19.38,20.15 1 1
github.com/vano44/village/internal/economy/seasons.go:20.15,22.3 1 0
github.com/vano44/village/internal/economy/seasons.go:23.2,23.16 1 1
github.com/vano44/village/internal/economy/seasons.go:23.16,25.3 1 1
github.com/vano44/village/internal/economy/seasons.go:26.2,26.16 1 1
github.com/vano44/village/internal/economy/seasons.go:26.16,28.3 1 1
github.com/vano44/village/internal/economy/seasons.go:29.2,29.16 1 1
github.com/vano44/village/internal/economy/seasons.go:29.16,31.3 1 1
github.com/vano44/village/internal/economy/seasons.go:32.2,32.15 1 1
github.com/vano44/village/internal/economy/seasons.go:37.56,38.16 1 1
github.com/vano44/village/internal/economy/seasons.go:39.14,40.13 1 1
github.com/vano44/village/internal/economy/seasons.go:41.22,42.13 1 1
github.com/vano44/village/internal/economy/seasons.go:43.14,44.13 1 1
github.com/vano44/village/internal/economy/seasons.go:45.10,46.13 1 0
github.com/vano44/village/internal/economy/seasons.go:52.55,53.16 1 1
github.com/vano44/village/internal/economy/seasons.go:54.14,55.13 1 1
github.com/vano44/village/internal/economy/seasons.go:56.14,57.13 1 1
github.com/vano44/village/internal/economy/seasons.go:58.22,59.13 1 1
github.com/vano44/village/internal/economy/seasons.go:60.10,61.13 1 0
github.com/vano44/village/internal/economy/seasons.go:67.82,70.22 2 1
github.com/vano44/village/internal/economy/seasons.go:71.71,72.16 1 1
github.com/vano44/village/internal/economy/seasons.go:74.2,74.13 1 1
github.com/vano44/village/internal/economy/seasons.go:74.13,76.3 1 1
github.com/vano44/village/internal/economy/seasons.go:78.2,78.22 1 1
github.com/vano44/village/internal/economy/seasons.go:78.22,80.46 2 1
github.com/vano44/village/internal/economy/seasons.go:80.46,82.4 1 1
github.com/vano44/village/internal/economy/seasons.go:85.2,85.22 1 1
github.com/vano44/village/internal/economy/seasons.go:85.22,87.3 1 1
github.com/vano44/village/internal/economy/seasons.go:88.2,88.12 1 0
github.com/vano44/village/internal/economy/seasons.go:93.68,94.22 1 1
github.com/vano44/village/internal/economy/seasons.go:94.22,96.3 1 1
github.com/vano44/village/internal/economy/seasons.go:97.2,101.3 1 1
github.com/vano44/village/internal/economy/seasons.go:105.64,106.20 1 1
github.com/vano44/village/internal/economy/seasons.go:107.16,108.16 1 1
github.com/vano44/village/internal/economy/seasons.go:109.16,110.16 1 1
github.com/vano44/village/internal/economy/seasons.go:111.16,112.16 1 1
github.com/vano44/village/internal/economy/seasons.go:113.16,114.16 1 1
github.com/vano44/village/internal/economy/seasons.go:115.10,116.16 1 0
github.com/vano44/village/internal/economy/skills.go:23.35,24.12 1 1
github.com/vano44/village/internal/economy/skills.go:26.61,27.14 1 1
github.com/vano44/village/internal/economy/skills.go:28.10,29.15 1 1
github.com/vano44/village/internal/economy/skills.go:35.42,36.16 1 1
github.com/vano44/village/internal/economy/skills.go:36.16,38.3 1 1
github.com/vano44/village/internal/economy/skills.go:39.2,39.16 1 1
github.com/vano44/village/internal/economy/skills.go:45.31,47.17 2 1
github.com/vano44/village/internal/economy/skills.go:47.17,49.3 1 1
github.com/vano44/village/internal/economy/skills.go:50.2,50.17 1 1
github.com/vano44/village/internal/economy/skills.go:54.33,60.2 1 0
github.com/vano44/village/internal/economy/spoilage.go:5.49,6.101 1 1
github.com/vano44/village/internal/economy/spoilage.go:6.101,8.3 1 1
github.com/vano44/village/internal/economy/spoilage.go:9.2,9.73 1 1
github.com/vano44/village/internal/economy/spoilage.go:15.124,16.28 1 1
github.com/vano44/village/internal/economy/spoilage.go:16.28,18.3 1 0
github.com/vano44/village/internal/economy/spoilage.go:19.2,20.19 2 1
github.com/vano44/village/internal/economy/spoilage.go:20.19,22.3 1 0
github.com/vano44/village/internal/economy/spoilage.go:23.2,24.19 2 1
github.com/vano44/village/internal/economy/spoilage.go:24.19,26.3 1 0
github.com/vano44/village/internal/economy/spoilage.go:28.2,33.27 4 1
github.com/vano44/village/internal/economy/spoilage.go:33.27,35.3 1 0
github.com/vano44/village/internal/economy/spoilage.go:36.2,40.21 4 1
github.com/vano44/village/internal/economy/spoilage.go:40.21,42.3 1 0
github.com/vano44/village/internal/economy/spoilage.go:44.2,45.27 2 1
github.com/vano44/village/internal/economy/spoilage.go:45.27,47.3 1 0
github.com/vano44/village/internal/economy/spoilage.go:48.2,52.47 3 1
github.com/vano44/village/internal/economy/spoilage.go:52.47,54.37 1 1
github.com/vano44/village/internal/economy/spoilage.go:54.37,57.4 2 1
github.com/vano44/village/internal/economy/spoilage.go:59.2,59.29 1 1
github.com/vano44/village/internal/economy/spoilage.go:64.117,66.49 2 1
github.com/vano44/village/internal/economy/spoilage.go:66.49,68.21 2 1
github.com/vano44/village/internal/economy/spoilage.go:68.21,69.12 1 0
github.com/vano44/village/internal/economy/spoilage.go:71.3,71.28 1 1
github.com/vano44/village/internal/economy/spoilage.go:71.28,73.19 2 1
github.com/vano44/village/internal/economy/spoilage.go:73.19,76.5 2 1
github.com/vano44/village/internal/economy/spoilage.go:79.3,79.38 1 1
github.com/vano44/village/internal/economy/spoilage.go:81.2,81.15 1 1
github.com/vano44/village/internal/economy/storage.go:33.47,35.17 2 1
github.com/vano44/village/internal/economy/storage.go:36.22,37.16 1 1
github.com/vano44/village/internal/economy/storage.go:38.24,39.15 1 0
github.com/vano44/village/internal/economy/storage.go:40.26,41.15 1 0
github.com/vano44/village/internal/economy/storage.go:42.10,43.13 1 0
github.com/vano44/village/internal/economy/storage.go:46.2,46.33 1 1
github.com/vano44/village/internal/economy/storage.go:50.57,51.20 1 1
github.com/vano44/village/internal/economy/storage.go:52.26,53.13 1 0
github.com/vano44/village/internal/economy/storage.go:54.28,55.13 1 1
github.com/vano44/village/internal/economy/storage.go:56.26,57.13 1 1
github.com/vano44/village/internal/economy/storage.go:58.10,59.13 1 0
github.com/vano44/village/internal/economy/storage.go:65.67,66.17 1 1
github.com/vano44/village/internal/economy/storage.go:67.22,69.103 1 1
github.com/vano44/village/internal/economy/storage.go:70.24,73.71 2 0
github.com/vano44/village/internal/economy/storage.go:74.26,76.14 1 0
github.com/vano44/village/internal/economy/storage.go:77.10,78.15 1 0
github.com/vano44/village/internal/economy/storage.go:88.44,92.2 1 1
github.com/vano44/village/internal/economy/storage.go:95.66,96.16 1 1
github.com/vano44/village/internal/economy/storage.go:96.16,98.3 1 0
github.com/vano44/village/internal/economy/storage.go:99.2,100.12 2 1
github.com/vano44/village/internal/economy/storage.go:104.74,106.2 1 1
github.com/vano44/village/internal/economy/storage.go:109.62,111.14 2 1
github.com/vano44/village/internal/economy/storage.go:111.14,113.3 1 0
github.com/vano44/village/internal/economy/storage.go:114.2,114.21 1 1
github.com/vano44/village/internal/economy/storage.go:118.86,120.14 2 1
github.com/vano44/village/internal/economy/storage.go:120.14,122.3 1 1
github.com/vano44/village/internal/economy/storage.go:123.2,123.31 1 1
github.com/vano44/village/internal/economy/storage.go:128.86,131.9 3 1
github.com/vano44/village/internal/economy/storage.go:131.9,133.3 1 1
github.com/vano44/village/internal/economy/storage.go:134.2,134.25 1 1
github.com/vano44/village/internal/economy/storage.go:134.25,136.3 1 1
github.com/vano44/village/internal/economy/storage.go:137.2,137.14 1 1
github.com/vano44/village/internal/economy/storage.go:141.87,143.2 1 1
github.com/vano44/village/internal/economy/substitution.go:14.67,16.2 1 1
github.com/vano44/village/internal/economy/substitution.go:20.59,22.2 1 1
github.com/vano44/village/internal/economy/substitution.go:26.31,28.2 1 1
github.com/vano44/village/internal/economy/weather.go:14.49,15.12 1 1
github.com/vano44/village/internal/economy/weather.go:16.22,17.13 1 1
github.com/vano44/village/internal/economy/weather.go:18.21,19.13 1 1
github.com/vano44/village/internal/economy/weather.go:20.19,21.13 1 1
github.com/vano44/village/internal/economy/weather.go:22.10,23.13 1 0
github.com/vano44/village/internal/economy/weather.go:29.53,30.23 1 1
github.com/vano44/village/internal/economy/weather.go:30.23,32.3 1 1
github.com/vano44/village/internal/economy/weather.go:33.2,33.12 1 1
github.com/vano44/village/internal/economy/weather.go:38.53,41.2 1 0
