mode: atomic
github.com/vano44/village/internal/simulation/core.go:13.22,15.2 1 0
github.com/vano44/village/internal/simulation/core.go:18.36,21.2 1 0
github.com/vano44/village/internal/simulation/economy.go:13.42,17.2 1 0
github.com/vano44/village/internal/simulation/economy.go:20.85,46.2 8 0
github.com/vano44/village/internal/simulation/economy.go:49.106,51.31 2 0
github.com/vano44/village/internal/simulation/economy.go:51.31,53.3 1 0
github.com/vano44/village/internal/simulation/economy.go:56.2,62.36 4 0
github.com/vano44/village/internal/simulation/economy.go:62.36,63.23 1 0
github.com/vano44/village/internal/simulation/economy.go:63.23,66.9 3 0
github.com/vano44/village/internal/simulation/economy.go:71.2,72.35 2 0
github.com/vano44/village/internal/simulation/economy.go:72.35,74.3 1 0
github.com/vano44/village/internal/simulation/economy.go:77.2,77.41 1 0
github.com/vano44/village/internal/simulation/economy.go:77.41,80.47 2 0
github.com/vano44/village/internal/simulation/economy.go:80.47,83.4 1 0
github.com/vano44/village/internal/simulation/economy.go:86.3,94.5 1 0
github.com/vano44/village/internal/simulation/economy.go:97.2,97.15 1 0
github.com/vano44/village/internal/simulation/economy.go:101.106,103.31 2 0
github.com/vano44/village/internal/simulation/economy.go:103.31,105.3 1 0
github.com/vano44/village/internal/simulation/economy.go:108.2,126.36 6 0
github.com/vano44/village/internal/simulation/economy.go:126.36,128.10 2 0
github.com/vano44/village/internal/simulation/economy.go:128.10,129.12 1 0
github.com/vano44/village/internal/simulation/economy.go:131.3,133.39 3 0
github.com/vano44/village/internal/simulation/economy.go:137.2,137.58 1 0
github.com/vano44/village/internal/simulation/economy.go:137.58,139.34 2 0
github.com/vano44/village/internal/simulation/economy.go:139.34,140.77 1 0
github.com/vano44/village/internal/simulation/economy.go:140.77,143.25 3 0
github.com/vano44/village/internal/simulation/economy.go:143.25,145.6 1 0
github.com/vano44/village/internal/simulation/economy.go:146.5,148.41 3 0
github.com/vano44/village/internal/simulation/economy.go:148.41,151.11 2 0
github.com/vano44/village/internal/simulation/economy.go:153.5,153.27 1 0
github.com/vano44/village/internal/simulation/economy.go:153.27,154.11 1 0
github.com/vano44/village/internal/simulation/economy.go:158.3,158.18 1 0
github.com/vano44/village/internal/simulation/economy.go:161.2,165.64 4 0
github.com/vano44/village/internal/simulation/economy.go:165.64,177.3 1 0
github.com/vano44/village/internal/simulation/economy.go:179.2,179.15 1 0
github.com/vano44/village/internal/simulation/economy.go:183.92,187.33 3 0
github.com/vano44/village/internal/simulation/economy.go:187.33,190.64 2 0
github.com/vano44/village/internal/simulation/economy.go:190.64,192.37 2 0
github.com/vano44/village/internal/simulation/economy.go:192.37,194.5 1 0
github.com/vano44/village/internal/simulation/economy.go:195.4,195.19 1 0
github.com/vano44/village/internal/simulation/economy.go:195.19,198.24 2 0
github.com/vano44/village/internal/simulation/economy.go:198.24,200.6 1 0
github.com/vano44/village/internal/simulation/economy.go:201.5,209.7 1 0
github.com/vano44/village/internal/simulation/economy.go:215.2,216.36 2 0
github.com/vano44/village/internal/simulation/economy.go:216.36,217.21 1 0
github.com/vano44/village/internal/simulation/economy.go:217.21,219.4 1 0
github.com/vano44/village/internal/simulation/economy.go:221.2,223.15 2 0
github.com/vano44/village/internal/simulation/economy.go:227.73,229.36 1 0
github.com/vano44/village/internal/simulation/economy.go:229.36,230.35 1 0
github.com/vano44/village/internal/simulation/economy.go:230.35,232.4 1 0
github.com/vano44/village/internal/simulation/economy.go:236.2,236.36 1 0
github.com/vano44/village/internal/simulation/economy.go:236.36,239.37 2 0
github.com/vano44/village/internal/simulation/economy.go:239.37,240.39 1 0
github.com/vano44/village/internal/simulation/economy.go:240.39,241.25 1 0
github.com/vano44/village/internal/simulation/economy.go:241.25,243.11 2 0
github.com/vano44/village/internal/simulation/economy.go:246.4,246.15 1 0
github.com/vano44/village/internal/simulation/economy.go:246.15,247.10 1 0
github.com/vano44/village/internal/simulation/economy.go:251.3,251.14 1 0
github.com/vano44/village/internal/simulation/economy.go:251.14,256.35 3 0
github.com/vano44/village/internal/simulation/economy.go:256.35,258.5 1 0
github.com/vano44/village/internal/simulation/economy.go:259.4,259.41 1 0
github.com/vano44/village/internal/simulation/economy.go:265.69,266.33 1 0
github.com/vano44/village/internal/simulation/economy.go:266.33,269.10 3 0
github.com/vano44/village/internal/simulation/economy.go:269.10,270.12 1 0
github.com/vano44/village/internal/simulation/economy.go:274.3,274.26 1 0
github.com/vano44/village/internal/simulation/economy.go:274.26,275.36 1 0
github.com/vano44/village/internal/simulation/economy.go:275.36,278.27 2 0
github.com/vano44/village/internal/simulation/economy.go:278.27,280.6 1 0
github.com/vano44/village/internal/simulation/economy.go:281.5,282.29 2 0
github.com/vano44/village/internal/simulation/economy.go:282.29,284.6 1 0
github.com/vano44/village/internal/simulation/economy.go:285.5,285.10 1 0
github.com/vano44/village/internal/simulation/economy.go:292.99,297.36 4 0
github.com/vano44/village/internal/simulation/economy.go:297.36,298.28 1 0
github.com/vano44/village/internal/simulation/economy.go:298.28,300.4 1 0
github.com/vano44/village/internal/simulation/economy.go:302.2,305.33 2 0
github.com/vano44/village/internal/simulation/economy.go:305.33,307.64 2 0
github.com/vano44/village/internal/simulation/economy.go:307.64,308.34 1 0
github.com/vano44/village/internal/simulation/economy.go:308.34,321.5 3 0
github.com/vano44/village/internal/simulation/economy.go:324.2,324.15 1 0
github.com/vano44/village/internal/simulation/environment.go:12.48,14.2 1 0
github.com/vano44/village/internal/simulation/environment.go:18.88,48.2 12 0
github.com/vano44/village/internal/simulation/environment.go:51.39,54.9 1 0
github.com/vano44/village/internal/simulation/environment.go:55.17,56.18 1 0
github.com/vano44/village/internal/simulation/environment.go:57.18,58.18 1 0
github.com/vano44/village/internal/simulation/environment.go:59.18,60.18 1 0
github.com/vano44/village/internal/simulation/environment.go:61.18,62.18 1 0
github.com/vano44/village/internal/simulation/environment.go:63.10,64.18 1 0
github.com/vano44/village/internal/simulation/environment.go:69.73,72.16 2 0
github.com/vano44/village/internal/simulation/environment.go:73.16,75.18 2 0
github.com/vano44/village/internal/simulation/environment.go:76.16,78.17 2 0
github.com/vano44/village/internal/simulation/environment.go:79.16,81.18 2 0
github.com/vano44/village/internal/simulation/environment.go:82.16,84.18 2 0
github.com/vano44/village/internal/simulation/environment.go:85.10,87.18 2 0
github.com/vano44/village/internal/simulation/environment.go:91.2,93.14 3 0
github.com/vano44/village/internal/simulation/environment.go:93.14,95.3 1 0
github.com/vano44/village/internal/simulation/environment.go:97.2,97.19 1 0
github.com/vano44/village/internal/simulation/environment.go:103.85,105.9 2 0
github.com/vano44/village/internal/simulation/environment.go:106.36,108.17 1 0
github.com/vano44/village/internal/simulation/environment.go:109.38,111.18 1 0
github.com/vano44/village/internal/simulation/environment.go:112.40,114.16 1 0
github.com/vano44/village/internal/simulation/environment.go:115.39,117.18 1 0
github.com/vano44/village/internal/simulation/environment.go:118.21,120.17 1 0
github.com/vano44/village/internal/simulation/environment.go:124.2,128.22 3 0
github.com/vano44/village/internal/simulation/environment.go:128.22,130.3 1 0
github.com/vano44/village/internal/simulation/environment.go:131.2,131.24 1 0
github.com/vano44/village/internal/simulation/environment.go:131.24,133.3 1 0
github.com/vano44/village/internal/simulation/environment.go:134.2,134.21 1 0
github.com/vano44/village/internal/simulation/environment.go:138.80,142.18 3 0
github.com/vano44/village/internal/simulation/environment.go:142.18,144.3 1 0
github.com/vano44/village/internal/simulation/environment.go:145.2,145.20 1 0
github.com/vano44/village/internal/simulation/environment.go:145.20,147.3 1 0
github.com/vano44/village/internal/simulation/environment.go:148.2,148.17 1 0
github.com/vano44/village/internal/simulation/environment.go:152.76,156.24 2 0
github.com/vano44/village/internal/simulation/environment.go:156.24,158.3 1 0
github.com/vano44/village/internal/simulation/environment.go:160.2,160.24 1 0
github.com/vano44/village/internal/simulation/environment.go:160.24,162.3 1 0
github.com/vano44/village/internal/simulation/environment.go:165.2,168.18 3 0
github.com/vano44/village/internal/simulation/environment.go:168.18,170.3 1 0
github.com/vano44/village/internal/simulation/environment.go:171.2,171.20 1 0
github.com/vano44/village/internal/simulation/environment.go:171.20,173.3 1 0
github.com/vano44/village/internal/simulation/environment.go:174.2,174.17 1 0
github.com/vano44/village/internal/simulation/environment.go:178.52,181.2 1 30
github.com/vano44/village/internal/simulation/environment.go:184.49,186.2 1 30
github.com/vano44/village/internal/simulation/environment.go:189.72,191.17 2 0
github.com/vano44/village/internal/simulation/environment.go:191.17,201.3 1 0
github.com/vano44/village/internal/simulation/environment.go:202.2,202.16 1 0
github.com/vano44/village/internal/simulation/environment.go:202.16,212.3 1 0
github.com/vano44/village/internal/simulation/environment.go:213.2,213.15 1 0
github.com/vano44/village/internal/simulation/events.go:22.66,25.4 1 33
github.com/vano44/village/internal/simulation/events.go:26.52,29.4 1 26
github.com/vano44/village/internal/simulation/events.go:30.65,40.4 1 13
github.com/vano44/village/internal/simulation/events.go:44.66,47.4 1 33
github.com/vano44/village/internal/simulation/events.go:48.52,52.4 2 12
github.com/vano44/village/internal/simulation/events.go:53.65,66.4 2 6
github.com/vano44/village/internal/simulation/events.go:70.66,73.4 1 33
github.com/vano44/village/internal/simulation/events.go:74.52,77.4 1 8
github.com/vano44/village/internal/simulation/events.go:78.65,90.4 2 4
github.com/vano44/village/internal/simulation/events.go:94.66,97.4 1 33
github.com/vano44/village/internal/simulation/events.go:98.52,101.4 1 8
github.com/vano44/village/internal/simulation/events.go:102.65,114.4 2 4
github.com/vano44/village/internal/simulation/events.go:118.66,121.4 1 33
github.com/vano44/village/internal/simulation/events.go:122.52,125.4 1 8
github.com/vano44/village/internal/simulation/events.go:126.65,128.32 1 3
github.com/vano44/village/internal/simulation/events.go:128.32,130.39 2 3
github.com/vano44/village/internal/simulation/events.go:130.39,132.6 1 2
github.com/vano44/village/internal/simulation/events.go:134.4,141.5 1 3
github.com/vano44/village/internal/simulation/events.go:148.77,149.33 1 14
github.com/vano44/village/internal/simulation/events.go:149.33,150.46 1 13
github.com/vano44/village/internal/simulation/events.go:150.46,153.39 3 13
github.com/vano44/village/internal/simulation/events.go:153.39,155.5 1 0
github.com/vano44/village/internal/simulation/events.go:156.4,156.9 1 13
github.com/vano44/village/internal/simulation/events.go:162.36,164.2 1 15
github.com/vano44/village/internal/simulation/events.go:168.82,174.39 4 33
github.com/vano44/village/internal/simulation/events.go:174.39,175.36 1 165
github.com/vano44/village/internal/simulation/events.go:175.36,177.18 2 32
github.com/vano44/village/internal/simulation/events.go:177.18,180.5 2 32
github.com/vano44/village/internal/simulation/events.go:185.2,185.22 1 33
github.com/vano44/village/internal/simulation/events.go:185.22,187.3 1 3
github.com/vano44/village/internal/simulation/events.go:191.2,193.36 3 30
github.com/vano44/village/internal/simulation/events.go:193.36,196.25 3 30
github.com/vano44/village/internal/simulation/events.go:196.25,198.9 2 30
github.com/vano44/village/internal/simulation/events.go:202.2,202.15 1 30
github.com/vano44/village/internal/simulation/production.go:12.46,14.2 1 0
github.com/vano44/village/internal/simulation/production.go:18.87,27.2 6 0
github.com/vano44/village/internal/simulation/production.go:30.77,33.33 2 0
github.com/vano44/village/internal/simulation/production.go:33.33,35.23 2 0
github.com/vano44/village/internal/simulation/production.go:35.23,36.12 1 0
github.com/vano44/village/internal/simulation/production.go:40.3,40.24 1 0
github.com/vano44/village/internal/simulation/production.go:40.24,42.4 1 0
github.com/vano44/village/internal/simulation/production.go:45.3,45.44 1 0
github.com/vano44/village/internal/simulation/production.go:45.44,50.12 4 0
github.com/vano44/village/internal/simulation/production.go:53.3,58.35 4 0
github.com/vano44/village/internal/simulation/production.go:58.35,61.4 2 0
github.com/vano44/village/internal/simulation/production.go:64.3,64.23 1 0
github.com/vano44/village/internal/simulation/production.go:64.23,86.4 5 0
github.com/vano44/village/internal/simulation/production.go:89.2,89.15 1 0
github.com/vano44/village/internal/simulation/production.go:93.69,102.46 4 0
github.com/vano44/village/internal/simulation/production.go:102.46,104.3 1 0
github.com/vano44/village/internal/simulation/production.go:104.8,104.30 1 0
github.com/vano44/village/internal/simulation/production.go:104.30,107.3 1 0
github.com/vano44/village/internal/simulation/production.go:107.8,110.3 1 0
github.com/vano44/village/internal/simulation/production.go:113.2,114.52 2 0
github.com/vano44/village/internal/simulation/production.go:114.52,116.3 1 0
github.com/vano44/village/internal/simulation/production.go:116.8,116.56 1 0
github.com/vano44/village/internal/simulation/production.go:116.56,118.3 1 0
github.com/vano44/village/internal/simulation/production.go:121.2,123.19 2 0
github.com/vano44/village/internal/simulation/production.go:123.19,125.3 1 0
github.com/vano44/village/internal/simulation/production.go:126.2,126.18 1 0
github.com/vano44/village/internal/simulation/production.go:126.18,128.3 1 0
github.com/vano44/village/internal/simulation/production.go:129.2,129.15 1 0
github.com/vano44/village/internal/simulation/production.go:133.73,142.46 4 0
github.com/vano44/village/internal/simulation/production.go:142.46,144.3 1 0
github.com/vano44/village/internal/simulation/production.go:144.8,144.30 1 0
github.com/vano44/village/internal/simulation/production.go:144.30,146.3 1 0
github.com/vano44/village/internal/simulation/production.go:146.8,148.3 1 0
github.com/vano44/village/internal/simulation/production.go:151.2,152.52 2 0
github.com/vano44/village/internal/simulation/production.go:152.52,154.3 1 0
github.com/vano44/village/internal/simulation/production.go:154.8,154.56 1 0
github.com/vano44/village/internal/simulation/production.go:154.56,156.3 1 0
github.com/vano44/village/internal/simulation/production.go:159.2,162.15 3 0
github.com/vano44/village/internal/simulation/production.go:162.15,164.3 1 0
github.com/vano44/village/internal/simulation/production.go:165.2,165.19 1 0
github.com/vano44/village/internal/simulation/production.go:169.72,172.33 2 0
github.com/vano44/village/internal/simulation/production.go:172.33,174.23 2 0
github.com/vano44/village/internal/simulation/production.go:174.23,175.12 1 0
github.com/vano44/village/internal/simulation/production.go:178.3,178.24 1 0
github.com/vano44/village/internal/simulation/production.go:178.24,180.4 1 0
github.com/vano44/village/internal/simulation/production.go:183.3,184.20 2 0
github.com/vano44/village/internal/simulation/production.go:184.20,186.4 1 0
github.com/vano44/village/internal/simulation/production.go:187.3,187.20 1 0
github.com/vano44/village/internal/simulation/production.go:187.20,189.4 1 0
github.com/vano44/village/internal/simulation/production.go:192.3,194.20 3 0
github.com/vano44/village/internal/simulation/production.go:194.20,196.4 1 0
github.com/vano44/village/internal/simulation/production.go:199.3,205.21 6 0
github.com/vano44/village/internal/simulation/production.go:205.21,207.4 1 0
github.com/vano44/village/internal/simulation/production.go:210.3,212.20 3 0
github.com/vano44/village/internal/simulation/production.go:212.20,214.4 1 0
github.com/vano44/village/internal/simulation/production.go:217.3,219.21 2 0
github.com/vano44/village/internal/simulation/production.go:219.21,237.4 2 0
github.com/vano44/village/internal/simulation/production.go:240.2,240.15 1 0
github.com/vano44/village/internal/simulation/production.go:244.74,247.33 2 0
github.com/vano44/village/internal/simulation/production.go:247.33,249.27 2 0
github.com/vano44/village/internal/simulation/production.go:249.27,250.12 1 0
github.com/vano44/village/internal/simulation/production.go:253.3,253.24 1 0
github.com/vano44/village/internal/simulation/production.go:253.24,255.4 1 0
github.com/vano44/village/internal/simulation/production.go:258.3,261.39 3 0
github.com/vano44/village/internal/simulation/production.go:261.39,262.25 1 0
github.com/vano44/village/internal/simulation/production.go:262.25,264.5 1 0
github.com/vano44/village/internal/simulation/production.go:266.3,266.33 1 0
github.com/vano44/village/internal/simulation/production.go:266.33,268.12 1 0
github.com/vano44/village/internal/simulation/production.go:272.3,273.34 2 0
github.com/vano44/village/internal/simulation/production.go:273.34,274.60 1 0
github.com/vano44/village/internal/simulation/production.go:274.60,275.52 1 0
github.com/vano44/village/internal/simulation/production.go:275.52,278.6 2 0
github.com/vano44/village/internal/simulation/production.go:278.11,281.6 2 0
github.com/vano44/village/internal/simulation/production.go:285.3,286.39 2 0
github.com/vano44/village/internal/simulation/production.go:286.39,287.24 1 0
github.com/vano44/village/internal/simulation/production.go:287.24,289.5 1 0
github.com/vano44/village/internal/simulation/production.go:291.3,309.5 4 0
github.com/vano44/village/internal/simulation/production.go:312.2,312.15 1 0
github.com/vano44/village/internal/simulation/production.go:316.78,319.36 2 0
github.com/vano44/village/internal/simulation/production.go:319.36,321.42 2 0
github.com/vano44/village/internal/simulation/production.go:321.42,322.21 1 0
github.com/vano44/village/internal/simulation/production.go:325.9,325.30 1 0
github.com/vano44/village/internal/simulation/production.go:325.30,327.10 1 0
github.com/vano44/village/internal/simulation/production.go:330.9,331.25 2 0
github.com/vano44/village/internal/simulation/production.go:331.25,333.10 1 0
github.com/vano44/village/internal/simulation/production.go:334.9,334.28 1 0
github.com/vano44/village/internal/simulation/production.go:334.28,336.21 1 0
github.com/vano44/village/internal/simulation/production.go:340.9,349.45 7 0
github.com/vano44/village/internal/simulation/production.go:349.45,350.35 1 0
github.com/vano44/village/internal/simulation/production.go:350.35,352.14 1 0
github.com/vano44/village/internal/simulation/production.go:353.13,353.36 1 0
github.com/vano44/village/internal/simulation/production.go:353.36,355.14 1 0
github.com/vano44/village/internal/simulation/production.go:359.9,360.39 2 0
github.com/vano44/village/internal/simulation/production.go:360.39,362.10 1 0
github.com/vano44/village/internal/simulation/production.go:363.9,363.41 1 0
github.com/vano44/village/internal/simulation/production.go:363.41,365.10 1 0
github.com/vano44/village/internal/simulation/production.go:368.9,368.73 1 0
github.com/vano44/village/internal/simulation/production.go:368.73,371.44 2 0
github.com/vano44/village/internal/simulation/production.go:371.44,372.75 1 0
github.com/vano44/village/internal/simulation/production.go:372.75,373.69 1 0
github.com/vano44/village/internal/simulation/production.go:373.69,376.22 2 0
github.com/vano44/village/internal/simulation/production.go:376.27,379.22 2 0
github.com/vano44/village/internal/simulation/production.go:383.13,384.44 2 0
github.com/vano44/village/internal/simulation/production.go:384.44,385.77 1 0
github.com/vano44/village/internal/simulation/production.go:385.77,386.70 1 0
github.com/vano44/village/internal/simulation/production.go:386.70,389.22 2 0
github.com/vano44/village/internal/simulation/production.go:389.27,392.22 2 0
github.com/vano44/village/internal/simulation/production.go:396.13,397.49 2 0
github.com/vano44/village/internal/simulation/production.go:397.49,398.37 1 0
github.com/vano44/village/internal/simulation/production.go:398.37,400.18 1 0
github.com/vano44/village/internal/simulation/production.go:402.13,402.43 1 0
github.com/vano44/village/internal/simulation/production.go:406.9,408.27 3 0
github.com/vano44/village/internal/simulation/production.go:408.27,410.10 1 0
github.com/vano44/village/internal/simulation/production.go:411.9,414.28 2 0
github.com/vano44/village/internal/simulation/production.go:414.28,424.10 1 0
github.com/vano44/village/internal/simulation/production.go:427.5,427.18 1 0
github.com/vano44/village/internal/simulation/rng.go:16.30,18.2 1 33
github.com/vano44/village/internal/simulation/rng.go:21.31,29.2 3 33
github.com/vano44/village/internal/simulation/rng.go:32.31,33.12 1 0
github.com/vano44/village/internal/simulation/rng.go:33.12,34.36 1 0
github.com/vano44/village/internal/simulation/rng.go:38.2,38.36 1 0
github.com/vano44/village/internal/simulation/rng.go:42.33,48.2 3 0
github.com/vano44/village/internal/simulation/rng.go:51.51,52.11 1 0
github.com/vano44/village/internal/simulation/rng.go:52.11,53.39 1 0
github.com/vano44/village/internal/simulation/rng.go:55.2,55.29 1 0
github.com/vano44/village/internal/simulation/rng.go:55.29,58.3 2 0
github.com/vano44/village/internal/simulation/rng.go:62.47,66.2 3 0
github.com/vano44/village/internal/simulation/rng.go:69.50,70.20 1 0
github.com/vano44/village/internal/simulation/rng.go:70.20,72.3 1 0
github.com/vano44/village/internal/simulation/rng.go:73.2,74.12 2 0
github.com/vano44/village/internal/simulation/rng.go:78.45,80.16 2 0
github.com/vano44/village/internal/simulation/rng.go:80.16,82.3 1 0
github.com/vano44/village/internal/simulation/rng.go:84.2,85.30 2 0
github.com/vano44/village/internal/simulation/rng.go:89.48,91.55 2 0
github.com/vano44/village/internal/simulation/rng.go:91.55,93.3 1 0
github.com/vano44/village/internal/simulation/rng.go:94.2,95.16 2 0
github.com/vano44/village/internal/simulation/rng.go:95.16,97.3 1 0
github.com/vano44/village/internal/simulation/rng.go:98.2,98.35 1 0
github.com/vano44/village/internal/simulation/rng.go:102.30,104.2 1 0
github.com/vano44/village/internal/simulation/rng.go:111.40,114.2 0 0
github.com/vano44/village/internal/simulation/rng.go:116.36,118.2 1 33
github.com/vano44/village/internal/simulation/rng.go:120.38,122.2 1 0
github.com/vano44/village/internal/simulation/rng.go:126.33,128.2 1 33
github.com/vano44/village/internal/simulation/serialization.go:6.40,8.2 1 0
github.com/vano44/village/internal/simulation/serialization.go:11.41,13.51 2 0
github.com/vano44/village/internal/simulation/serialization.go:13.51,15.3 1 0
github.com/vano44/village/internal/simulation/serialization.go:16.2,16.18 1 0
github.com/vano44/village/internal/simulation/serialization.go:20.46,22.2 1 0
github.com/vano44/village/internal/simulation/serialization.go:25.47,27.50 2 0
github.com/vano44/village/internal/simulation/serialization.go:27.50,29.3 1 0
github.com/vano44/village/internal/simulation/serialization.go:30.2,30.18 1 0
github.com/vano44/village/internal/simulation/social.go:13.38,15.2 1 0
github.com/vano44/village/internal/simulation/social.go:19.83,23.33 2 0
github.com/vano44/village/internal/simulation/social.go:23.33,25.3 1 0
github.com/vano44/village/internal/simulation/social.go:28.2,33.15 3 0
github.com/vano44/village/internal/simulation/social.go:37.120,39.30 1 0
github.com/vano44/village/internal/simulation/social.go:39.30,41.3 1 0
github.com/vano44/village/internal/simulation/social.go:44.2,50.16 3 0
github.com/vano44/village/internal/simulation/social.go:54.60,62.2 1 0
github.com/vano44/village/internal/simulation/social.go:65.90,66.32 1 0
github.com/vano44/village/internal/simulation/social.go:66.32,74.18 4 0
github.com/vano44/village/internal/simulation/social.go:75.17,78.38 2 0
github.com/vano44/village/internal/simulation/social.go:79.17,82.17 2 0
github.com/vano44/village/internal/simulation/social.go:82.17,84.5 1 0
github.com/vano44/village/internal/simulation/social.go:84.10,84.24 1 0
github.com/vano44/village/internal/simulation/social.go:84.24,86.5 1 0
github.com/vano44/village/internal/simulation/social.go:87.20,93.34 5 0
github.com/vano44/village/internal/simulation/social.go:93.34,95.5 1 0
github.com/vano44/village/internal/simulation/social.go:96.4,96.37 1 0
github.com/vano44/village/internal/simulation/social.go:96.37,98.5 1 0
github.com/vano44/village/internal/simulation/social.go:99.17,102.42 2 0
github.com/vano44/village/internal/simulation/social.go:103.18,105.37 1 0
github.com/vano44/village/internal/simulation/social.go:105.37,107.5 1 0
github.com/vano44/village/internal/simulation/social.go:111.3,111.21 1 0
github.com/vano44/village/internal/simulation/social.go:111.21,113.4 1 0
github.com/vano44/village/internal/simulation/social.go:114.3,114.21 1 0
github.com/vano44/village/internal/simulation/social.go:114.21,116.4 1 0
github.com/vano44/village/internal/simulation/social.go:121.70,123.36 2 0
github.com/vano44/village/internal/simulation/social.go:123.36,124.64 1 0
github.com/vano44/village/internal/simulation/social.go:124.64,126.4 1 0
github.com/vano44/village/internal/simulation/social.go:129.2,130.24 2 0
github.com/vano44/village/internal/simulation/social.go:130.24,132.3 1 0
github.com/vano44/village/internal/simulation/social.go:133.2,134.22 2 0
github.com/vano44/village/internal/simulation/social.go:134.22,136.3 1 0
github.com/vano44/village/internal/simulation/social.go:137.2,137.21 1 0
github.com/vano44/village/internal/simulation/social.go:141.69,142.30 1 0
github.com/vano44/village/internal/simulation/social.go:142.30,144.3 1 0
github.com/vano44/village/internal/simulation/social.go:145.2,146.35 2 0
github.com/vano44/village/internal/simulation/social.go:146.35,148.3 1 0
github.com/vano44/village/internal/simulation/social.go:149.2,149.43 1 0
github.com/vano44/village/internal/simulation/social.go:153.91,155.45 2 0
github.com/vano44/village/internal/simulation/social.go:155.45,157.3 1 0
github.com/vano44/village/internal/simulation/social.go:158.2,158.14 1 0
github.com/vano44/village/internal/simulation/social.go:162.78,163.36 1 0
github.com/vano44/village/internal/simulation/social.go:163.36,164.24 1 0
github.com/vano44/village/internal/simulation/social.go:164.24,168.4 1 0
github.com/vano44/village/internal/simulation/social.go:170.2,170.14 1 0
github.com/vano44/village/internal/simulation/social.go:174.75,175.36 1 0
github.com/vano44/village/internal/simulation/social.go:175.36,176.38 1 0
github.com/vano44/village/internal/simulation/social.go:176.38,177.31 1 0
github.com/vano44/village/internal/simulation/social.go:177.31,179.5 1 0
github.com/vano44/village/internal/simulation/social.go:182.2,182.14 1 0
github.com/vano44/village/internal/simulation/social.go:186.92,189.13 3 0
github.com/vano44/village/internal/simulation/social.go:189.13,191.3 1 0
github.com/vano44/village/internal/simulation/social.go:193.2,193.33 1 0
github.com/vano44/village/internal/simulation/social.go:193.33,197.33 2 0
github.com/vano44/village/internal/simulation/social.go:197.33,199.4 1 0
github.com/vano44/village/internal/simulation/social.go:204.95,206.33 1 0
github.com/vano44/village/internal/simulation/social.go:206.33,207.34 1 0
github.com/vano44/village/internal/simulation/social.go:207.34,208.14 1 0
github.com/vano44/village/internal/simulation/social.go:208.14,209.13 1 0
github.com/vano44/village/internal/simulation/social.go:212.4,217.41 4 0
github.com/vano44/village/internal/simulation/social.go:217.41,218.24 1 0
github.com/vano44/village/internal/simulation/social.go:218.24,220.11 2 0
github.com/vano44/village/internal/simulation/social.go:224.4,224.39 1 0
github.com/vano44/village/internal/simulation/social.go:224.39,239.5 3 0
github.com/vano44/village/internal/simulation/social.go:245.103,249.33 1 0
github.com/vano44/village/internal/simulation/social.go:249.33,254.24 3 0
github.com/vano44/village/internal/simulation/social.go:254.24,256.4 1 0
github.com/vano44/village/internal/simulation/social.go:259.3,259.39 1 0
github.com/vano44/village/internal/simulation/social.go:259.39,260.47 1 0
github.com/vano44/village/internal/simulation/social.go:260.47,262.5 1 0
github.com/vano44/village/internal/simulation/social.go:265.3,265.39 1 0
github.com/vano44/village/internal/simulation/social.go:265.39,276.4 1 0
github.com/vano44/village/internal/simulation/social.go:281.2,281.33 1 0
github.com/vano44/village/internal/simulation/social.go:281.33,282.34 1 0
github.com/vano44/village/internal/simulation/social.go:282.34,283.14 1 0
github.com/vano44/village/internal/simulation/social.go:283.14,284.13 1 0
github.com/vano44/village/internal/simulation/social.go:286.4,291.41 4 0
github.com/vano44/village/internal/simulation/social.go:291.41,292.70 1 0
github.com/vano44/village/internal/simulation/social.go:292.70,294.11 2 0
github.com/vano44/village/internal/simulation/social.go:298.4,298.42 1 0
github.com/vano44/village/internal/simulation/social.go:298.42,314.5 3 0
github.com/vano44/village/internal/simulation/state.go:20.53,53.2 1 33
github.com/vano44/village/internal/simulation/state.go:56.46,58.2 1 0
github.com/vano44/village/internal/simulation/state.go:61.46,63.2 1 13
github.com/vano44/village/internal/simulation/state.go:66.46,68.2 1 6
github.com/vano44/village/internal/simulation/state.go:71.40,73.2 1 0
github.com/vano44/village/internal/simulation/state.go:76.42,78.2 1 0
github.com/vano44/village/internal/simulation/turn_processor.go:10.40,18.2 2 0
github.com/vano44/village/internal/simulation/turn_processor.go:21.69,23.2 1 0
github.com/vano44/village/internal/simulation/turn_processor.go:27.64,31.31 3 0
github.com/vano44/village/internal/simulation/turn_processor.go:31.31,33.24 2 0
github.com/vano44/village/internal/simulation/turn_processor.go:33.24,35.12 1 0
github.com/vano44/village/internal/simulation/turn_processor.go:40.3,42.43 3 0
github.com/vano44/village/internal/simulation/turn_processor.go:46.2,46.31 1 0
github.com/vano44/village/internal/simulation/turn_processor.go:46.31,48.3 1 0
github.com/vano44/village/internal/simulation/turn_processor.go:51.2,52.30 2 0
github.com/vano44/village/internal/simulation/turn_processor.go:52.30,55.32 3 0
github.com/vano44/village/internal/simulation/turn_processor.go:55.32,58.4 2 0
github.com/vano44/village/internal/simulation/turn_processor.go:61.2,61.18 1 0
